<!DOCTYPE html>

<html>
  <head>
  <meta charset='utf-8'>
  <title>TestNG reports</title>

    <link type="text/css" href="testng-reports.css" rel="stylesheet" />
    <script type="text/javascript" src="jquery-1.7.1.min.js"></script>
    <script type="text/javascript" src="testng-reports.js"></script>
    <script type="text/javascript" src="https://www.google.com/jsapi"></script>
    <script type='text/javascript'>
      google.load('visualization', '1', {packages:['table']});
      google.setOnLoadCallback(drawTable);
      var suiteTableInitFunctions = new Array();
      var suiteTableData = new Array();
    </script>
    <!--
      <script type="text/javascript" src="jquery-ui/js/jquery-ui-1.8.16.custom.min.js"></script>
     -->
  </head>

  <body>
    <div class="top-banner-root">
      <span class="top-banner-title-font">Test results</span>
      <br/>
      <span class="top-banner-font-1">1 suite, 3 failed tests</span>
    </div> <!-- top-banner-root -->
    <div class="navigator-root">
      <div class="navigator-suite-header">
        <span>All suites</span>
        <a href="#" class="collapse-all-link" title="Collapse/expand all the suites">
          <img class="collapse-all-icon" src="collapseall.gif">
          </img> <!-- collapse-all-icon -->
        </a> <!-- collapse-all-link -->
      </div> <!-- navigator-suite-header -->
      <div class="suite">
        <div class="rounded-window">
          <div class="suite-header light-rounded-window-top">
            <a href="#" class="navigator-link" panel-name="suite-Suite">
              <span class="suite-name border-failed">Suite</span>
            </a> <!-- navigator-link -->
          </div> <!-- suite-header light-rounded-window-top -->
          <div class="navigator-suite-content">
            <div class="suite-section-title">
              <span>Info</span>
            </div> <!-- suite-section-title -->
            <div class="suite-section-content">
              <ul>
                <li>
                  <a href="#" class="navigator-link " panel-name="test-xml-Suite">
                    <span>C:\Users\X240\git\repository2\BankSelenium\testng.xml</span>
                  </a> <!-- navigator-link  -->
                </li>
                <li>
                  <a href="#" class="navigator-link " panel-name="testlist-Suite">
                    <span class="test-stats">10 tests</span>
                  </a> <!-- navigator-link  -->
                </li>
                <li>
                  <a href="#" class="navigator-link " panel-name="group-Suite">
                    <span>0 groups</span>
                  </a> <!-- navigator-link  -->
                </li>
                <li>
                  <a href="#" class="navigator-link " panel-name="times-Suite">
                    <span>Times</span>
                  </a> <!-- navigator-link  -->
                </li>
                <li>
                  <a href="#" class="navigator-link " panel-name="reporter-Suite">
                    <span>Reporter output</span>
                  </a> <!-- navigator-link  -->
                </li>
                <li>
                  <a href="#" class="navigator-link " panel-name="ignored-methods-Suite">
                    <span>Ignored methods</span>
                  </a> <!-- navigator-link  -->
                </li>
                <li>
                  <a href="#" class="navigator-link " panel-name="chronological-Suite">
                    <span>Chronological view</span>
                  </a> <!-- navigator-link  -->
                </li>
              </ul>
            </div> <!-- suite-section-content -->
            <div class="result-section">
              <div class="suite-section-title">
                <span>Results</span>
              </div> <!-- suite-section-title -->
              <div class="suite-section-content">
                <ul>
                  <li>
                    <span class="method-stats">34 methods, 3 failed,  20 skipped,  11 passed</span>
                  </li>
                  <li>
                    <span class="method-list-title failed">Failed methods</span>
                    <span class="show-or-hide-methods failed">
                      <a href="#" panel-name="suite-Suite" class="hide-methods failed suite-Suite"> (hide)</a> <!-- hide-methods failed suite-Suite -->
                      <a href="#" panel-name="suite-Suite" class="show-methods failed suite-Suite"> (show)</a> <!-- show-methods failed suite-Suite -->
                    </span>
                    <div class="method-list-content failed suite-Suite">
                      <span>
                        <img width="3%" src="failed.png"/>
                        <a href="#" class="method navigator-link" panel-name="suite-Suite" title="main.java.bank.testcases.user.login.LogInAndChangePassword" hash-for-method="incorrectOldPasswordOnChangePassword">incorrectOldPasswordOnChangePassword</a> <!-- method navigator-link -->
                      </span>
                      <br/>
                      <span>
                        <img width="3%" src="failed.png"/>
                        <a href="#" class="method navigator-link" panel-name="suite-Suite" title="main.java.bank.testcases.DepositTestCase" hash-for-method="verifyDepositMade">verifyDepositMade</a> <!-- method navigator-link -->
                      </span>
                      <br/>
                      <span>
                        <img width="3%" src="failed.png"/>
                        <a href="#" class="method navigator-link" panel-name="suite-Suite" title="main.java.bank.testcases.FundTransferAndCutomizedStatement" hash-for-method="verifyTransferWrongAcc">verifyTransferWrongAcc</a> <!-- method navigator-link -->
                      </span>
                      <br/>
                    </div> <!-- method-list-content failed suite-Suite -->
                  </li>
                  <li>
                    <span class="method-list-title skipped">Skipped methods</span>
                    <span class="show-or-hide-methods skipped">
                      <a href="#" panel-name="suite-Suite" class="hide-methods skipped suite-Suite"> (hide)</a> <!-- hide-methods skipped suite-Suite -->
                      <a href="#" panel-name="suite-Suite" class="show-methods skipped suite-Suite"> (show)</a> <!-- show-methods skipped suite-Suite -->
                    </span>
                    <div class="method-list-content skipped suite-Suite">
                      <span>
                        <img width="3%" src="skipped.png"/>
                        <a href="#" class="method navigator-link" panel-name="suite-Suite" title="main.java.bank.testcases.user.login.LogInAndChangePassword" hash-for-method="verifyAfterPasswordChanged">verifyAfterPasswordChanged</a> <!-- method navigator-link -->
                      </span>
                      <br/>
                      <span>
                        <img width="3%" src="skipped.png"/>
                        <a href="#" class="method navigator-link" panel-name="suite-Suite" title="main.java.bank.testcases.WithdrawalTestCase" hash-for-method="verifyBalaceEnquiry">verifyBalaceEnquiry</a> <!-- method navigator-link -->
                      </span>
                      <br/>
                      <span>
                        <img width="3%" src="skipped.png"/>
                        <a href="#" class="method navigator-link" panel-name="suite-Suite" title="main.java.bank.testcases.WithdrawalTestCase" hash-for-method="verifyCustomizedStatement">verifyCustomizedStatement</a> <!-- method navigator-link -->
                      </span>
                      <br/>
                      <span>
                        <img width="3%" src="skipped.png"/>
                        <a href="#" class="method navigator-link" panel-name="suite-Suite" title="main.java.bank.testcases.WithdrawalTestCase" hash-for-method="verifyCustomizedStatementWrongDate">verifyCustomizedStatementWrongDate</a> <!-- method navigator-link -->
                      </span>
                      <br/>
                      <span>
                        <img width="3%" src="skipped.png"/>
                        <a href="#" class="method navigator-link" panel-name="suite-Suite" title="main.java.bank.testcases.DepositTestCase" hash-for-method="verifyDepositRedirect">verifyDepositRedirect</a> <!-- method navigator-link -->
                      </span>
                      <br/>
                      <span>
                        <img width="3%" src="skipped.png"/>
                        <a href="#" class="method navigator-link" panel-name="suite-Suite" title="main.java.bank.testcases.EditAccount" hash-for-method="verifyEditAccount">verifyEditAccount</a> <!-- method navigator-link -->
                      </span>
                      <br/>
                      <span>
                        <img width="3%" src="skipped.png"/>
                        <a href="#" class="method navigator-link" panel-name="suite-Suite" title="main.java.bank.testcases.user.login.LogInAndChangePassword" hash-for-method="verifyLogInChangedCredential">verifyLogInChangedCredential</a> <!-- method navigator-link -->
                      </span>
                      <br/>
                      <span>
                        <img width="3%" src="skipped.png"/>
                        <a href="#" class="method navigator-link" panel-name="suite-Suite" title="main.java.bank.testcases.EditAccount" hash-for-method="verifyLogOut">verifyLogOut</a> <!-- method navigator-link -->
                      </span>
                      <br/>
                      <span>
                        <img width="3%" src="skipped.png"/>
                        <a href="#" class="method navigator-link" panel-name="suite-Suite" title="main.java.bank.testcases.WithdrawalTestCase" hash-for-method="verifyMiniStatement">verifyMiniStatement</a> <!-- method navigator-link -->
                      </span>
                      <br/>
                      <span>
                        <img width="3%" src="skipped.png"/>
                        <a href="#" class="method navigator-link" panel-name="suite-Suite" title="main.java.bank.testcases.user.ministatement.MiniStatement" hash-for-method="verifyMiniStatement">verifyMiniStatement</a> <!-- method navigator-link -->
                      </span>
                      <br/>
                      <span>
                        <img width="3%" src="skipped.png"/>
                        <a href="#" class="method navigator-link" panel-name="suite-Suite" title="main.java.bank.testcases.user.ministatement.MiniStatement" hash-for-method="verifyNonExistAcc">verifyNonExistAcc</a> <!-- method navigator-link -->
                      </span>
                      <br/>
                      <span>
                        <img width="3%" src="skipped.png"/>
                        <a href="#" class="method navigator-link" panel-name="suite-Suite" title="main.java.bank.testcases.user.CustomisedStatement" hash-for-method="verifyOnNotExistAccNo">verifyOnNotExistAccNo</a> <!-- method navigator-link -->
                      </span>
                      <br/>
                      <span>
                        <img width="3%" src="skipped.png"/>
                        <a href="#" class="method navigator-link" panel-name="suite-Suite" title="main.java.bank.testcases.user.CustomisedStatement" hash-for-method="verifyOnWrongDateInput">verifyOnWrongDateInput</a> <!-- method navigator-link -->
                      </span>
                      <br/>
                      <span>
                        <img width="3%" src="skipped.png"/>
                        <a href="#" class="method navigator-link" panel-name="suite-Suite" title="main.java.bank.testcases.user.CustomisedStatement" hash-for-method="verifyStatementOnWrongAcc">verifyStatementOnWrongAcc</a> <!-- method navigator-link -->
                      </span>
                      <br/>
                      <span>
                        <img width="3%" src="skipped.png"/>
                        <a href="#" class="method navigator-link" panel-name="suite-Suite" title="main.java.bank.testcases.FundTransferAndCutomizedStatement" hash-for-method="verifyTransferFundHigh">verifyTransferFundHigh</a> <!-- method navigator-link -->
                      </span>
                      <br/>
                      <span>
                        <img width="3%" src="skipped.png"/>
                        <a href="#" class="method navigator-link" panel-name="suite-Suite" title="main.java.bank.testcases.FundTransferAndCutomizedStatement" hash-for-method="verifyTransferSameAcc">verifyTransferSameAcc</a> <!-- method navigator-link -->
                      </span>
                      <br/>
                      <span>
                        <img width="3%" src="skipped.png"/>
                        <a href="#" class="method navigator-link" panel-name="suite-Suite" title="main.java.bank.testcases.EditAccount" hash-for-method="verifyUserCreated">verifyUserCreated</a> <!-- method navigator-link -->
                      </span>
                      <br/>
                      <span>
                        <img width="3%" src="skipped.png"/>
                        <a href="#" class="method navigator-link" panel-name="suite-Suite" title="main.java.bank.testcases.WithdrawalTestCase" hash-for-method="verifyWithdrawal">verifyWithdrawal</a> <!-- method navigator-link -->
                      </span>
                      <br/>
                      <span>
                        <img width="3%" src="skipped.png"/>
                        <a href="#" class="method navigator-link" panel-name="suite-Suite" title="main.java.bank.testcases.WithdrawalTestCase" hash-for-method="verifyWithdrawalOnLowBalance">verifyWithdrawalOnLowBalance</a> <!-- method navigator-link -->
                      </span>
                      <br/>
                      <span>
                        <img width="3%" src="skipped.png"/>
                        <a href="#" class="method navigator-link" panel-name="suite-Suite" title="main.java.bank.testcases.user.ministatement.MiniStatement" hash-for-method="verifyWrongAcc">verifyWrongAcc</a> <!-- method navigator-link -->
                      </span>
                      <br/>
                    </div> <!-- method-list-content skipped suite-Suite -->
                  </li>
                  <li>
                    <span class="method-list-title passed">Passed methods</span>
                    <span class="show-or-hide-methods passed">
                      <a href="#" panel-name="suite-Suite" class="hide-methods passed suite-Suite"> (hide)</a> <!-- hide-methods passed suite-Suite -->
                      <a href="#" panel-name="suite-Suite" class="show-methods passed suite-Suite"> (show)</a> <!-- show-methods passed suite-Suite -->
                    </span>
                    <div class="method-list-content passed suite-Suite">
                      <span>
                        <img width="3%" src="passed.png"/>
                        <a href="#" class="method navigator-link" panel-name="suite-Suite" title="main.java.bank.testcases.user.balance.BalanceEnquiry" hash-for-method="balanceEnquiry">balanceEnquiry</a> <!-- method navigator-link -->
                      </span>
                      <br/>
                      <span>
                        <img width="3%" src="passed.png"/>
                        <a href="#" class="method navigator-link" panel-name="suite-Suite" title="main.java.bank.testcases.FundTransferAndCutomizedStatement" hash-for-method="reloadedVerifyFundTransfer">reloadedVerifyFundTransfer</a> <!-- method navigator-link -->
                      </span>
                      <br/>
                      <span>
                        <img width="3%" src="passed.png"/>
                        <a href="#" class="method navigator-link" panel-name="suite-Suite" title="main.java.bank.testcases.user.FundTransferAndStatement" hash-for-method="verifyCustomizedStatement">verifyCustomizedStatement</a> <!-- method navigator-link -->
                      </span>
                      <br/>
                      <span>
                        <img width="3%" src="passed.png"/>
                        <a href="#" class="method navigator-link" panel-name="suite-Suite" title="main.java.bank.testcases.EditCustomerTestCase" hash-for-method="verifyEditCustomer">verifyEditCustomer</a> <!-- method navigator-link -->
                      </span>
                      <br/>
                      <span>
                        <img width="3%" src="passed.png"/>
                        <a href="#" class="method navigator-link" panel-name="suite-Suite" title="main.java.bank.testcases.user.FundTransferAndStatement" hash-for-method="verifyFundTransfer">verifyFundTransfer</a> <!-- method navigator-link -->
                      </span>
                      <br/>
                      <span>
                        <img width="3%" src="passed.png"/>
                        <a href="#" class="method navigator-link" panel-name="suite-Suite" title="main.java.bank.testcases.FundTransferAndCutomizedStatement" hash-for-method="verifyFundTransfers">verifyFundTransfers</a> <!-- method navigator-link -->
                      </span>
                      <br/>
                      <span>
                        <img width="3%" src="passed.png"/>
                        <a href="#" class="method navigator-link" panel-name="suite-Suite" title="main.java.bank.testcases.user.FundTransferAndStatement" hash-for-method="verifyRefreshingFundDetails">verifyRefreshingFundDetails</a> <!-- method navigator-link -->
                      </span>
                      <br/>
                      <span>
                        <img width="3%" src="passed.png"/>
                        <a href="#" class="method navigator-link" panel-name="suite-Suite" title="main.java.bank.testcases.FundTransferAndCutomizedStatement" hash-for-method="verifyTransferDetails">verifyTransferDetails</a> <!-- method navigator-link -->
                      </span>
                      <br/>
                      <span>
                        <img width="3%" src="passed.png"/>
                        <a href="#" class="method navigator-link" panel-name="suite-Suite" title="main.java.bank.testcases.user.FundTransferAndStatement" hash-for-method="verifyTransferOnNotAuthorizationAcc">verifyTransferOnNotAuthorizationAcc</a> <!-- method navigator-link -->
                      </span>
                      <br/>
                      <span>
                        <img width="3%" src="passed.png"/>
                        <a href="#" class="method navigator-link" panel-name="suite-Suite" title="main.java.bank.testcases.user.FundTransferAndStatement" hash-for-method="verifyTransferToSameAcc">verifyTransferToSameAcc</a> <!-- method navigator-link -->
                      </span>
                      <br/>
                      <span>
                        <img width="3%" src="passed.png"/>
                        <a href="#" class="method navigator-link" panel-name="suite-Suite" title="main.java.bank.testcases.user.FundTransferAndStatement" hash-for-method="verifyTransfertoNonExistAcc">verifyTransfertoNonExistAcc</a> <!-- method navigator-link -->
                      </span>
                      <br/>
                    </div> <!-- method-list-content passed suite-Suite -->
                  </li>
                </ul>
              </div> <!-- suite-section-content -->
            </div> <!-- result-section -->
          </div> <!-- navigator-suite-content -->
        </div> <!-- rounded-window -->
      </div> <!-- suite -->
    </div> <!-- navigator-root -->
    <div class="wrapper">
      <div class="main-panel-root">
        <div panel-name="suite-Suite" class="panel Suite">
          <div class="suite-Suite-class-failed">
            <div class="main-panel-header rounded-window-top">
              <img src="failed.png"/>
              <span class="class-name">main.java.bank.testcases.DepositTestCase</span>
            </div> <!-- main-panel-header rounded-window-top -->
            <div class="main-panel-content rounded-window-bottom">
              <div class="method">
                <div class="method-content">
                  <a name="verifyDepositMade">
                  </a> <!-- verifyDepositMade -->
                  <span class="method-name">verifyDepositMade</span>
                  <div class="stack-trace">org.openqa.selenium.NoSuchElementException: no such element: Unable to locate element: {&quot;method&quot;:&quot;name&quot;,&quot;selector&quot;:&quot;uid&quot;}
  (Session info: chrome=69.0.3497.100)
  (Driver info: chromedriver=2.40.565498 (ea082db3280dd6843ebfb08a625e3eb905c4f5ab),platform=Windows NT 10.0.17134 x86_64) (WARNING: The server did not provide any stacktrace information)
Command duration or timeout: 0 milliseconds
For documentation on this error, please visit: http://seleniumhq.org/exceptions/no_such_element.html
Build info: version: &apos;3.13.0&apos;, revision: &apos;2f0d292&apos;, time: &apos;2018-06-25T15:32:14.902Z&apos;
System info: host: &apos;XUXE&apos;, ip: &apos;172.111.200.50&apos;, os.name: &apos;Windows 10&apos;, os.arch: &apos;amd64&apos;, os.version: &apos;10.0&apos;, java.version: &apos;1.8.0_181&apos;
Driver info: org.openqa.selenium.chrome.ChromeDriver
Capabilities {acceptInsecureCerts: false, acceptSslCerts: false, applicationCacheEnabled: false, browserConnectionEnabled: false, browserName: chrome, chrome: {chromedriverVersion: 2.40.565498 (ea082db3280dd6..., userDataDir: C:\Users\X240\AppData\Local...}, cssSelectorsEnabled: true, databaseEnabled: false, handlesAlerts: true, hasTouchScreen: false, javascriptEnabled: true, locationContextEnabled: true, mobileEmulationEnabled: false, nativeEvents: true, networkConnectionEnabled: false, pageLoadStrategy: normal, platform: XP, platformName: XP, rotatable: false, setWindowRect: true, takesHeapSnapshot: true, takesScreenshot: true, unexpectedAlertBehaviour: , unhandledPromptBehavior: , version: 69.0.3497.100, webStorageEnabled: true}
Session ID: 6bbec197031bf66666c293b42e845fd2
*** Element info: {Using=name, value=uid}
	at org.openqa.selenium.remote.ErrorHandler.createThrowable(ErrorHandler.java:214)
	at org.openqa.selenium.remote.ErrorHandler.throwIfResponseFailed(ErrorHandler.java:166)
	at org.openqa.selenium.remote.http.JsonHttpResponseCodec.reconstructValue(JsonHttpResponseCodec.java:40)
	at org.openqa.selenium.remote.http.AbstractHttpResponseCodec.decode(AbstractHttpResponseCodec.java:80)
	at org.openqa.selenium.remote.http.AbstractHttpResponseCodec.decode(AbstractHttpResponseCodec.java:44)
	at org.openqa.selenium.remote.HttpCommandExecutor.execute(HttpCommandExecutor.java:158)
	at org.openqa.selenium.remote.service.DriverCommandExecutor.execute(DriverCommandExecutor.java:83)
	at org.openqa.selenium.remote.RemoteWebDriver.execute(RemoteWebDriver.java:548)
	at org.openqa.selenium.remote.RemoteWebDriver.findElement(RemoteWebDriver.java:322)
	at org.openqa.selenium.remote.RemoteWebDriver.findElementByName(RemoteWebDriver.java:400)
	at org.openqa.selenium.By$ByName.findElement(By.java:284)
	at org.openqa.selenium.remote.RemoteWebDriver.findElement(RemoteWebDriver.java:314)
	at org.openqa.selenium.support.pagefactory.DefaultElementLocator.findElement(DefaultElementLocator.java:69)
	at org.openqa.selenium.support.pagefactory.internal.LocatingElementHandler.invoke(LocatingElementHandler.java:38)
	at com.sun.proxy.$Proxy9.clear(Unknown Source)
	at main.java.bank.object.LogInPage.doLogIn(LogInPage.java:27)
	at main.java.bank.testcases.DepositTestCase.verifyDepositMade(DepositTestCase.java:44)
... Removed 29 stack frames
</div> <!-- stack-trace -->
                </div> <!-- method-content -->
              </div> <!-- method -->
            </div> <!-- main-panel-content rounded-window-bottom -->
          </div> <!-- suite-Suite-class-failed -->
          <div class="suite-Suite-class-failed">
            <div class="main-panel-header rounded-window-top">
              <img src="failed.png"/>
              <span class="class-name">main.java.bank.testcases.user.login.LogInAndChangePassword</span>
            </div> <!-- main-panel-header rounded-window-top -->
            <div class="main-panel-content rounded-window-bottom">
              <div class="method">
                <div class="method-content">
                  <a name="incorrectOldPasswordOnChangePassword">
                  </a> <!-- incorrectOldPasswordOnChangePassword -->
                  <span class="method-name">incorrectOldPasswordOnChangePassword</span>
                  <div class="stack-trace">org.openqa.selenium.UnhandledAlertException: unexpected alert open: {Alert text : User or Password is not valid}
  (Session info: chrome=69.0.3497.100)
  (Driver info: chromedriver=2.40.565498 (ea082db3280dd6843ebfb08a625e3eb905c4f5ab),platform=Windows NT 10.0.17134 x86_64) (WARNING: The server did not provide any stacktrace information)
Command duration or timeout: 0 milliseconds: null
Build info: version: &apos;3.13.0&apos;, revision: &apos;2f0d292&apos;, time: &apos;2018-06-25T15:32:14.902Z&apos;
System info: host: &apos;XUXE&apos;, ip: &apos;172.111.200.50&apos;, os.name: &apos;Windows 10&apos;, os.arch: &apos;amd64&apos;, os.version: &apos;10.0&apos;, java.version: &apos;1.8.0_181&apos;
Driver info: org.openqa.selenium.chrome.ChromeDriver
Capabilities {acceptInsecureCerts: false, acceptSslCerts: false, applicationCacheEnabled: false, browserConnectionEnabled: false, browserName: chrome, chrome: {chromedriverVersion: 2.40.565498 (ea082db3280dd6..., userDataDir: C:\Users\X240\AppData\Local...}, cssSelectorsEnabled: true, databaseEnabled: false, handlesAlerts: true, hasTouchScreen: false, javascriptEnabled: true, locationContextEnabled: true, mobileEmulationEnabled: false, nativeEvents: true, networkConnectionEnabled: false, pageLoadStrategy: normal, platform: XP, platformName: XP, rotatable: false, setWindowRect: true, takesHeapSnapshot: true, takesScreenshot: true, unexpectedAlertBehaviour: , unhandledPromptBehavior: , version: 69.0.3497.100, webStorageEnabled: true}
Session ID: 1ccc23a44fea882fc96c50043238788d
	at org.openqa.selenium.remote.ErrorHandler.createThrowable(ErrorHandler.java:214)
	at org.openqa.selenium.remote.ErrorHandler.throwIfResponseFailed(ErrorHandler.java:172)
	at org.openqa.selenium.remote.http.JsonHttpResponseCodec.reconstructValue(JsonHttpResponseCodec.java:40)
	at org.openqa.selenium.remote.http.AbstractHttpResponseCodec.decode(AbstractHttpResponseCodec.java:80)
	at org.openqa.selenium.remote.http.AbstractHttpResponseCodec.decode(AbstractHttpResponseCodec.java:44)
	at org.openqa.selenium.remote.HttpCommandExecutor.execute(HttpCommandExecutor.java:158)
	at org.openqa.selenium.remote.service.DriverCommandExecutor.execute(DriverCommandExecutor.java:83)
	at org.openqa.selenium.remote.RemoteWebDriver.execute(RemoteWebDriver.java:548)
	at org.openqa.selenium.remote.RemoteWebDriver.execute(RemoteWebDriver.java:605)
	at org.openqa.selenium.remote.RemoteWebDriver.getCurrentUrl(RemoteWebDriver.java:286)
	at main.java.bank.testcases.user.login.LogInAndChangePassword.incorrectOldPasswordOnChangePassword(LogInAndChangePassword.java:37)
... Removed 29 stack frames
</div> <!-- stack-trace -->
                </div> <!-- method-content -->
              </div> <!-- method -->
            </div> <!-- main-panel-content rounded-window-bottom -->
          </div> <!-- suite-Suite-class-failed -->
          <div class="suite-Suite-class-failed">
            <div class="main-panel-header rounded-window-top">
              <img src="failed.png"/>
              <span class="class-name">main.java.bank.testcases.FundTransferAndCutomizedStatement</span>
            </div> <!-- main-panel-header rounded-window-top -->
            <div class="main-panel-content rounded-window-bottom">
              <div class="method">
                <div class="method-content">
                  <a name="verifyTransferWrongAcc">
                  </a> <!-- verifyTransferWrongAcc -->
                  <span class="method-name">verifyTransferWrongAcc</span>
                  <div class="stack-trace">org.openqa.selenium.NoAlertPresentException: no such alert
  (Session info: chrome=69.0.3497.100)
  (Driver info: chromedriver=2.40.565498 (ea082db3280dd6843ebfb08a625e3eb905c4f5ab),platform=Windows NT 10.0.17134 x86_64) (WARNING: The server did not provide any stacktrace information)
Command duration or timeout: 0 milliseconds
Build info: version: &apos;3.13.0&apos;, revision: &apos;2f0d292&apos;, time: &apos;2018-06-25T15:32:14.902Z&apos;
System info: host: &apos;XUXE&apos;, ip: &apos;172.111.200.50&apos;, os.name: &apos;Windows 10&apos;, os.arch: &apos;amd64&apos;, os.version: &apos;10.0&apos;, java.version: &apos;1.8.0_181&apos;
Driver info: org.openqa.selenium.chrome.ChromeDriver
Capabilities {acceptInsecureCerts: false, acceptSslCerts: false, applicationCacheEnabled: false, browserConnectionEnabled: false, browserName: chrome, chrome: {chromedriverVersion: 2.40.565498 (ea082db3280dd6..., userDataDir: C:\Users\X240\AppData\Local...}, cssSelectorsEnabled: true, databaseEnabled: false, handlesAlerts: true, hasTouchScreen: false, javascriptEnabled: true, locationContextEnabled: true, mobileEmulationEnabled: false, nativeEvents: true, networkConnectionEnabled: false, pageLoadStrategy: normal, platform: XP, platformName: XP, rotatable: false, setWindowRect: true, takesHeapSnapshot: true, takesScreenshot: true, unexpectedAlertBehaviour: , unhandledPromptBehavior: , version: 69.0.3497.100, webStorageEnabled: true}
Session ID: 607bbd03da3aa876b376ef4b2e9cb994
	at org.openqa.selenium.remote.ErrorHandler.createThrowable(ErrorHandler.java:214)
	at org.openqa.selenium.remote.ErrorHandler.throwIfResponseFailed(ErrorHandler.java:166)
	at org.openqa.selenium.remote.http.JsonHttpResponseCodec.reconstructValue(JsonHttpResponseCodec.java:40)
	at org.openqa.selenium.remote.http.AbstractHttpResponseCodec.decode(AbstractHttpResponseCodec.java:80)
	at org.openqa.selenium.remote.http.AbstractHttpResponseCodec.decode(AbstractHttpResponseCodec.java:44)
	at org.openqa.selenium.remote.HttpCommandExecutor.execute(HttpCommandExecutor.java:158)
	at org.openqa.selenium.remote.service.DriverCommandExecutor.execute(DriverCommandExecutor.java:83)
	at org.openqa.selenium.remote.RemoteWebDriver.execute(RemoteWebDriver.java:548)
	at org.openqa.selenium.remote.RemoteWebDriver.execute(RemoteWebDriver.java:605)
	at org.openqa.selenium.remote.RemoteWebDriver$RemoteTargetLocator.alert(RemoteWebDriver.java:928)
	at main.java.bank.testcases.FundTransferAndCutomizedStatement.verifyTransferWrongAcc(FundTransferAndCutomizedStatement.java:95)
... Removed 29 stack frames
</div> <!-- stack-trace -->
                </div> <!-- method-content -->
              </div> <!-- method -->
            </div> <!-- main-panel-content rounded-window-bottom -->
          </div> <!-- suite-Suite-class-failed -->
          <div class="suite-Suite-class-skipped">
            <div class="main-panel-header rounded-window-top">
              <img src="skipped.png"/>
              <span class="class-name">main.java.bank.testcases.DepositTestCase</span>
            </div> <!-- main-panel-header rounded-window-top -->
            <div class="main-panel-content rounded-window-bottom">
              <div class="method">
                <div class="method-content">
                  <a name="verifyDepositRedirect">
                  </a> <!-- verifyDepositRedirect -->
                  <span class="method-name">verifyDepositRedirect</span>
                  <div class="stack-trace">java.lang.Throwable: Method DepositTestCase.verifyDepositRedirect()[pri:0, instance:main.java.bank.testcases.DepositTestCase@5a8e6209] depends on not successfully finished methods
... Removed 18 stack frames
</div> <!-- stack-trace -->
                </div> <!-- method-content -->
              </div> <!-- method -->
            </div> <!-- main-panel-content rounded-window-bottom -->
          </div> <!-- suite-Suite-class-skipped -->
          <div class="suite-Suite-class-skipped">
            <div class="main-panel-header rounded-window-top">
              <img src="skipped.png"/>
              <span class="class-name">main.java.bank.testcases.user.ministatement.MiniStatement</span>
            </div> <!-- main-panel-header rounded-window-top -->
            <div class="main-panel-content rounded-window-bottom">
              <div class="method">
                <div class="method-content">
                  <a name="verifyMiniStatement">
                  </a> <!-- verifyMiniStatement -->
                  <span class="method-name">verifyMiniStatement</span>
                  <div class="stack-trace">org.openqa.selenium.WebDriverException: unknown error: cannot determine loading status
from unknown error: cannot determine loading status
from disconnected: received Inspector.detached event
  (Session info: chrome=69.0.3497.100)
  (Driver info: chromedriver=2.40.565498 (ea082db3280dd6843ebfb08a625e3eb905c4f5ab),platform=Windows NT 10.0.17134 x86_64) (WARNING: The server did not provide any stacktrace information)
Command duration or timeout: 0 milliseconds
Build info: version: &apos;3.13.0&apos;, revision: &apos;2f0d292&apos;, time: &apos;2018-06-25T15:32:14.902Z&apos;
System info: host: &apos;XUXE&apos;, ip: &apos;172.111.200.50&apos;, os.name: &apos;Windows 10&apos;, os.arch: &apos;amd64&apos;, os.version: &apos;10.0&apos;, java.version: &apos;1.8.0_181&apos;
Driver info: org.openqa.selenium.chrome.ChromeDriver
Capabilities {acceptInsecureCerts: false, acceptSslCerts: false, applicationCacheEnabled: false, browserConnectionEnabled: false, browserName: chrome, chrome: {chromedriverVersion: 2.40.565498 (ea082db3280dd6..., userDataDir: C:\Users\X240\AppData\Local...}, cssSelectorsEnabled: true, databaseEnabled: false, handlesAlerts: true, hasTouchScreen: false, javascriptEnabled: true, locationContextEnabled: true, mobileEmulationEnabled: false, nativeEvents: true, networkConnectionEnabled: false, pageLoadStrategy: normal, platform: XP, platformName: XP, rotatable: false, setWindowRect: true, takesHeapSnapshot: true, takesScreenshot: true, unexpectedAlertBehaviour: , unhandledPromptBehavior: , version: 69.0.3497.100, webStorageEnabled: true}
Session ID: 45905217f0cf30fca6a3a1dd566e77cb
	at org.openqa.selenium.remote.ErrorHandler.createThrowable(ErrorHandler.java:214)
	at org.openqa.selenium.remote.ErrorHandler.throwIfResponseFailed(ErrorHandler.java:166)
	at org.openqa.selenium.remote.http.JsonHttpResponseCodec.reconstructValue(JsonHttpResponseCodec.java:40)
	at org.openqa.selenium.remote.http.AbstractHttpResponseCodec.decode(AbstractHttpResponseCodec.java:80)
	at org.openqa.selenium.remote.http.AbstractHttpResponseCodec.decode(AbstractHttpResponseCodec.java:44)
	at org.openqa.selenium.remote.HttpCommandExecutor.execute(HttpCommandExecutor.java:158)
	at org.openqa.selenium.remote.service.DriverCommandExecutor.execute(DriverCommandExecutor.java:83)
	at org.openqa.selenium.remote.RemoteWebDriver.execute(RemoteWebDriver.java:548)
	at org.openqa.selenium.remote.RemoteWebDriver.get(RemoteWebDriver.java:276)
	at main.java.bank.testcases.TestCaseObject.setUp(TestCaseObject.java:22)
	at main.java.bank.testcases.user.ministatement.MiniStatement.init(MiniStatement.java:26)
... Removed 28 stack frames
</div> <!-- stack-trace -->
                </div> <!-- method-content -->
              </div> <!-- method -->
              <div class="method">
                <div class="method-content">
                  <a name="verifyNonExistAcc">
                  </a> <!-- verifyNonExistAcc -->
                  <span class="method-name">verifyNonExistAcc</span>
                  <div class="stack-trace">java.lang.Throwable: Method MiniStatement.verifyNonExistAcc()[pri:0, instance:main.java.bank.testcases.user.ministatement.MiniStatement@3cef309d] depends on not successfully finished methods
... Removed 18 stack frames
</div> <!-- stack-trace -->
                </div> <!-- method-content -->
              </div> <!-- method -->
              <div class="method">
                <div class="method-content">
                  <a name="verifyWrongAcc">
                  </a> <!-- verifyWrongAcc -->
                  <span class="method-name">verifyWrongAcc</span>
                  <div class="stack-trace">java.lang.Throwable: Method MiniStatement.verifyWrongAcc()[pri:0, instance:main.java.bank.testcases.user.ministatement.MiniStatement@3cef309d] depends on not successfully finished methods
... Removed 18 stack frames
</div> <!-- stack-trace -->
                </div> <!-- method-content -->
              </div> <!-- method -->
            </div> <!-- main-panel-content rounded-window-bottom -->
          </div> <!-- suite-Suite-class-skipped -->
          <div class="suite-Suite-class-skipped">
            <div class="main-panel-header rounded-window-top">
              <img src="skipped.png"/>
              <span class="class-name">main.java.bank.testcases.user.CustomisedStatement</span>
            </div> <!-- main-panel-header rounded-window-top -->
            <div class="main-panel-content rounded-window-bottom">
              <div class="method">
                <div class="method-content">
                  <a name="verifyOnNotExistAccNo">
                  </a> <!-- verifyOnNotExistAccNo -->
                  <span class="method-name">verifyOnNotExistAccNo</span>
                  <div class="stack-trace">java.lang.Throwable: Method CustomisedStatement.verifyOnNotExistAccNo()[pri:0, instance:main.java.bank.testcases.user.CustomisedStatement@47ef968d] depends on not successfully finished methods
... Removed 18 stack frames
</div> <!-- stack-trace -->
                </div> <!-- method-content -->
              </div> <!-- method -->
              <div class="method">
                <div class="method-content">
                  <a name="verifyOnWrongDateInput">
                  </a> <!-- verifyOnWrongDateInput -->
                  <span class="method-name">verifyOnWrongDateInput</span>
                  <div class="stack-trace">java.lang.Throwable: Method CustomisedStatement.verifyOnWrongDateInput()[pri:0, instance:main.java.bank.testcases.user.CustomisedStatement@47ef968d] depends on not successfully finished methods
... Removed 18 stack frames
</div> <!-- stack-trace -->
                </div> <!-- method-content -->
              </div> <!-- method -->
              <div class="method">
                <div class="method-content">
                  <a name="verifyStatementOnWrongAcc">
                  </a> <!-- verifyStatementOnWrongAcc -->
                  <span class="method-name">verifyStatementOnWrongAcc</span>
                  <div class="stack-trace">org.openqa.selenium.WebDriverException: unknown error: cannot determine loading status
from unknown error: cannot determine loading status
from disconnected: received Inspector.detached event
  (Session info: chrome=69.0.3497.100)
  (Driver info: chromedriver=2.40.565498 (ea082db3280dd6843ebfb08a625e3eb905c4f5ab),platform=Windows NT 10.0.17134 x86_64) (WARNING: The server did not provide any stacktrace information)
Command duration or timeout: 0 milliseconds
Build info: version: &apos;3.13.0&apos;, revision: &apos;2f0d292&apos;, time: &apos;2018-06-25T15:32:14.902Z&apos;
System info: host: &apos;XUXE&apos;, ip: &apos;172.111.200.50&apos;, os.name: &apos;Windows 10&apos;, os.arch: &apos;amd64&apos;, os.version: &apos;10.0&apos;, java.version: &apos;1.8.0_181&apos;
Driver info: org.openqa.selenium.chrome.ChromeDriver
Capabilities {acceptInsecureCerts: false, acceptSslCerts: false, applicationCacheEnabled: false, browserConnectionEnabled: false, browserName: chrome, chrome: {chromedriverVersion: 2.40.565498 (ea082db3280dd6..., userDataDir: C:\Users\X240\AppData\Local...}, cssSelectorsEnabled: true, databaseEnabled: false, handlesAlerts: true, hasTouchScreen: false, javascriptEnabled: true, locationContextEnabled: true, mobileEmulationEnabled: false, nativeEvents: true, networkConnectionEnabled: false, pageLoadStrategy: normal, platform: XP, platformName: XP, rotatable: false, setWindowRect: true, takesHeapSnapshot: true, takesScreenshot: true, unexpectedAlertBehaviour: , unhandledPromptBehavior: , version: 69.0.3497.100, webStorageEnabled: true}
Session ID: c7b39bc86370995477429b2d7eb748d2
	at org.openqa.selenium.remote.ErrorHandler.createThrowable(ErrorHandler.java:214)
	at org.openqa.selenium.remote.ErrorHandler.throwIfResponseFailed(ErrorHandler.java:166)
	at org.openqa.selenium.remote.http.JsonHttpResponseCodec.reconstructValue(JsonHttpResponseCodec.java:40)
	at org.openqa.selenium.remote.http.AbstractHttpResponseCodec.decode(AbstractHttpResponseCodec.java:80)
	at org.openqa.selenium.remote.http.AbstractHttpResponseCodec.decode(AbstractHttpResponseCodec.java:44)
	at org.openqa.selenium.remote.HttpCommandExecutor.execute(HttpCommandExecutor.java:158)
	at org.openqa.selenium.remote.service.DriverCommandExecutor.execute(DriverCommandExecutor.java:83)
	at org.openqa.selenium.remote.RemoteWebDriver.execute(RemoteWebDriver.java:548)
	at org.openqa.selenium.remote.RemoteWebDriver.get(RemoteWebDriver.java:276)
	at main.java.bank.testcases.TestCaseObject.setUp(TestCaseObject.java:22)
	at main.java.bank.testcases.user.CustomisedStatement.init(CustomisedStatement.java:27)
... Removed 28 stack frames
</div> <!-- stack-trace -->
                </div> <!-- method-content -->
              </div> <!-- method -->
            </div> <!-- main-panel-content rounded-window-bottom -->
          </div> <!-- suite-Suite-class-skipped -->
          <div class="suite-Suite-class-skipped">
            <div class="main-panel-header rounded-window-top">
              <img src="skipped.png"/>
              <span class="class-name">main.java.bank.testcases.user.login.LogInAndChangePassword</span>
            </div> <!-- main-panel-header rounded-window-top -->
            <div class="main-panel-content rounded-window-bottom">
              <div class="method">
                <div class="method-content">
                  <a name="verifyAfterPasswordChanged">
                  </a> <!-- verifyAfterPasswordChanged -->
                  <span class="method-name">verifyAfterPasswordChanged</span>
                  <div class="stack-trace">java.lang.Throwable: Method LogInAndChangePassword.verifyAfterPasswordChanged()[pri:0, instance:main.java.bank.testcases.user.login.LogInAndChangePassword@56235b8e] depends on not successfully finished methods
... Removed 18 stack frames
</div> <!-- stack-trace -->
                </div> <!-- method-content -->
              </div> <!-- method -->
              <div class="method">
                <div class="method-content">
                  <a name="verifyLogInChangedCredential">
                  </a> <!-- verifyLogInChangedCredential -->
                  <span class="method-name">verifyLogInChangedCredential</span>
                  <div class="stack-trace">java.lang.Throwable: Method LogInAndChangePassword.verifyLogInChangedCredential()[pri:0, instance:main.java.bank.testcases.user.login.LogInAndChangePassword@56235b8e] depends on not successfully finished methods
... Removed 18 stack frames
</div> <!-- stack-trace -->
                </div> <!-- method-content -->
              </div> <!-- method -->
            </div> <!-- main-panel-content rounded-window-bottom -->
          </div> <!-- suite-Suite-class-skipped -->
          <div class="suite-Suite-class-skipped">
            <div class="main-panel-header rounded-window-top">
              <img src="skipped.png"/>
              <span class="class-name">main.java.bank.testcases.FundTransferAndCutomizedStatement</span>
            </div> <!-- main-panel-header rounded-window-top -->
            <div class="main-panel-content rounded-window-bottom">
              <div class="method">
                <div class="method-content">
                  <a name="verifyTransferFundHigh">
                  </a> <!-- verifyTransferFundHigh -->
                  <span class="method-name">verifyTransferFundHigh</span>
                  <div class="stack-trace">java.lang.Throwable: Method FundTransferAndCutomizedStatement.verifyTransferFundHigh()[pri:0, instance:main.java.bank.testcases.FundTransferAndCutomizedStatement@6c3708b3] depends on not successfully finished methods
... Removed 18 stack frames
</div> <!-- stack-trace -->
                </div> <!-- method-content -->
              </div> <!-- method -->
              <div class="method">
                <div class="method-content">
                  <a name="verifyTransferSameAcc">
                  </a> <!-- verifyTransferSameAcc -->
                  <span class="method-name">verifyTransferSameAcc</span>
                  <div class="stack-trace">java.lang.Throwable: Method FundTransferAndCutomizedStatement.verifyTransferSameAcc()[pri:0, instance:main.java.bank.testcases.FundTransferAndCutomizedStatement@6c3708b3] depends on not successfully finished methods
... Removed 18 stack frames
</div> <!-- stack-trace -->
                </div> <!-- method-content -->
              </div> <!-- method -->
            </div> <!-- main-panel-content rounded-window-bottom -->
          </div> <!-- suite-Suite-class-skipped -->
          <div class="suite-Suite-class-skipped">
            <div class="main-panel-header rounded-window-top">
              <img src="skipped.png"/>
              <span class="class-name">main.java.bank.testcases.EditAccount</span>
            </div> <!-- main-panel-header rounded-window-top -->
            <div class="main-panel-content rounded-window-bottom">
              <div class="method">
                <div class="method-content">
                  <a name="verifyEditAccount">
                  </a> <!-- verifyEditAccount -->
                  <span class="method-name">verifyEditAccount</span>
                  <div class="stack-trace">org.openqa.selenium.WebDriverException: unknown error: cannot determine loading status
from unknown error: cannot determine loading status
from disconnected: received Inspector.detached event
  (Session info: chrome=69.0.3497.100)
  (Driver info: chromedriver=2.40.565498 (ea082db3280dd6843ebfb08a625e3eb905c4f5ab),platform=Windows NT 10.0.17134 x86_64) (WARNING: The server did not provide any stacktrace information)
Command duration or timeout: 0 milliseconds
Build info: version: &apos;3.13.0&apos;, revision: &apos;2f0d292&apos;, time: &apos;2018-06-25T15:32:14.902Z&apos;
System info: host: &apos;XUXE&apos;, ip: &apos;172.111.200.50&apos;, os.name: &apos;Windows 10&apos;, os.arch: &apos;amd64&apos;, os.version: &apos;10.0&apos;, java.version: &apos;1.8.0_181&apos;
Driver info: org.openqa.selenium.chrome.ChromeDriver
Capabilities {acceptInsecureCerts: false, acceptSslCerts: false, applicationCacheEnabled: false, browserConnectionEnabled: false, browserName: chrome, chrome: {chromedriverVersion: 2.40.565498 (ea082db3280dd6..., userDataDir: C:\Users\X240\AppData\Local...}, cssSelectorsEnabled: true, databaseEnabled: false, handlesAlerts: true, hasTouchScreen: false, javascriptEnabled: true, locationContextEnabled: true, mobileEmulationEnabled: false, nativeEvents: true, networkConnectionEnabled: false, pageLoadStrategy: normal, platform: XP, platformName: XP, rotatable: false, setWindowRect: true, takesHeapSnapshot: true, takesScreenshot: true, unexpectedAlertBehaviour: , unhandledPromptBehavior: , version: 69.0.3497.100, webStorageEnabled: true}
Session ID: d3668445a291600fac5da49b213f9c06
	at org.openqa.selenium.remote.ErrorHandler.createThrowable(ErrorHandler.java:214)
	at org.openqa.selenium.remote.ErrorHandler.throwIfResponseFailed(ErrorHandler.java:166)
	at org.openqa.selenium.remote.http.JsonHttpResponseCodec.reconstructValue(JsonHttpResponseCodec.java:40)
	at org.openqa.selenium.remote.http.AbstractHttpResponseCodec.decode(AbstractHttpResponseCodec.java:80)
	at org.openqa.selenium.remote.http.AbstractHttpResponseCodec.decode(AbstractHttpResponseCodec.java:44)
	at org.openqa.selenium.remote.HttpCommandExecutor.execute(HttpCommandExecutor.java:158)
	at org.openqa.selenium.remote.service.DriverCommandExecutor.execute(DriverCommandExecutor.java:83)
	at org.openqa.selenium.remote.RemoteWebDriver.execute(RemoteWebDriver.java:548)
	at org.openqa.selenium.remote.RemoteWebDriver.get(RemoteWebDriver.java:276)
	at main.java.bank.testcases.TestCaseObject.setUp(TestCaseObject.java:22)
	at main.java.bank.testcases.EditAccount.init(EditAccount.java:32)
... Removed 28 stack frames
</div> <!-- stack-trace -->
                </div> <!-- method-content -->
              </div> <!-- method -->
              <div class="method">
                <div class="method-content">
                  <a name="verifyLogOut">
                  </a> <!-- verifyLogOut -->
                  <span class="method-name">verifyLogOut</span>
                  <div class="stack-trace">java.lang.Throwable: Method EditAccount.verifyLogOut()[pri:0, instance:main.java.bank.testcases.EditAccount@1d16f93d] depends on not successfully finished methods
... Removed 18 stack frames
</div> <!-- stack-trace -->
                </div> <!-- method-content -->
              </div> <!-- method -->
              <div class="method">
                <div class="method-content">
                  <a name="verifyUserCreated">
                  </a> <!-- verifyUserCreated -->
                  <span class="method-name">verifyUserCreated</span>
                  <div class="stack-trace">java.lang.Throwable: Method EditAccount.verifyUserCreated()[pri:0, instance:main.java.bank.testcases.EditAccount@1d16f93d] depends on not successfully finished methods
... Removed 18 stack frames
</div> <!-- stack-trace -->
                </div> <!-- method-content -->
              </div> <!-- method -->
            </div> <!-- main-panel-content rounded-window-bottom -->
          </div> <!-- suite-Suite-class-skipped -->
          <div class="suite-Suite-class-skipped">
            <div class="main-panel-header rounded-window-top">
              <img src="skipped.png"/>
              <span class="class-name">main.java.bank.testcases.WithdrawalTestCase</span>
            </div> <!-- main-panel-header rounded-window-top -->
            <div class="main-panel-content rounded-window-bottom">
              <div class="method">
                <div class="method-content">
                  <a name="verifyBalaceEnquiry">
                  </a> <!-- verifyBalaceEnquiry -->
                  <span class="method-name">verifyBalaceEnquiry</span>
                  <div class="stack-trace">java.lang.Throwable: Method WithdrawalTestCase.verifyBalaceEnquiry()[pri:0, instance:main.java.bank.testcases.WithdrawalTestCase@2b552920] depends on not successfully finished methods
... Removed 18 stack frames
</div> <!-- stack-trace -->
                </div> <!-- method-content -->
              </div> <!-- method -->
              <div class="method">
                <div class="method-content">
                  <a name="verifyCustomizedStatement">
                  </a> <!-- verifyCustomizedStatement -->
                  <span class="method-name">verifyCustomizedStatement</span>
                  <div class="stack-trace">java.lang.Throwable: Method WithdrawalTestCase.verifyCustomizedStatement()[pri:0, instance:main.java.bank.testcases.WithdrawalTestCase@2b552920] depends on not successfully finished methods
... Removed 18 stack frames
</div> <!-- stack-trace -->
                </div> <!-- method-content -->
              </div> <!-- method -->
              <div class="method">
                <div class="method-content">
                  <a name="verifyCustomizedStatementWrongDate">
                  </a> <!-- verifyCustomizedStatementWrongDate -->
                  <span class="method-name">verifyCustomizedStatementWrongDate</span>
                  <div class="stack-trace">java.lang.Throwable: Method WithdrawalTestCase.verifyCustomizedStatementWrongDate()[pri:0, instance:main.java.bank.testcases.WithdrawalTestCase@2b552920] depends on not successfully finished methods
... Removed 18 stack frames
</div> <!-- stack-trace -->
                </div> <!-- method-content -->
              </div> <!-- method -->
              <div class="method">
                <div class="method-content">
                  <a name="verifyMiniStatement">
                  </a> <!-- verifyMiniStatement -->
                  <span class="method-name">verifyMiniStatement</span>
                  <div class="stack-trace">java.lang.Throwable: Method WithdrawalTestCase.verifyMiniStatement()[pri:0, instance:main.java.bank.testcases.WithdrawalTestCase@2b552920] depends on not successfully finished methods
... Removed 18 stack frames
</div> <!-- stack-trace -->
                </div> <!-- method-content -->
              </div> <!-- method -->
              <div class="method">
                <div class="method-content">
                  <a name="verifyWithdrawal">
                  </a> <!-- verifyWithdrawal -->
                  <span class="method-name">verifyWithdrawal</span>
                  <div class="stack-trace">org.openqa.selenium.WebDriverException: unknown error: cannot determine loading status
from unknown error: cannot determine loading status
from disconnected: received Inspector.detached event
  (Session info: chrome=69.0.3497.100)
  (Driver info: chromedriver=2.40.565498 (ea082db3280dd6843ebfb08a625e3eb905c4f5ab),platform=Windows NT 10.0.17134 x86_64) (WARNING: The server did not provide any stacktrace information)
Command duration or timeout: 0 milliseconds
Build info: version: &apos;3.13.0&apos;, revision: &apos;2f0d292&apos;, time: &apos;2018-06-25T15:32:14.902Z&apos;
System info: host: &apos;XUXE&apos;, ip: &apos;172.111.200.50&apos;, os.name: &apos;Windows 10&apos;, os.arch: &apos;amd64&apos;, os.version: &apos;10.0&apos;, java.version: &apos;1.8.0_181&apos;
Driver info: org.openqa.selenium.chrome.ChromeDriver
Capabilities {acceptInsecureCerts: false, acceptSslCerts: false, applicationCacheEnabled: false, browserConnectionEnabled: false, browserName: chrome, chrome: {chromedriverVersion: 2.40.565498 (ea082db3280dd6..., userDataDir: C:\Users\X240\AppData\Local...}, cssSelectorsEnabled: true, databaseEnabled: false, handlesAlerts: true, hasTouchScreen: false, javascriptEnabled: true, locationContextEnabled: true, mobileEmulationEnabled: false, nativeEvents: true, networkConnectionEnabled: false, pageLoadStrategy: normal, platform: XP, platformName: XP, rotatable: false, setWindowRect: true, takesHeapSnapshot: true, takesScreenshot: true, unexpectedAlertBehaviour: , unhandledPromptBehavior: , version: 69.0.3497.100, webStorageEnabled: true}
Session ID: 35f6a299348d465500819f7470bf1011
	at org.openqa.selenium.remote.ErrorHandler.createThrowable(ErrorHandler.java:214)
	at org.openqa.selenium.remote.ErrorHandler.throwIfResponseFailed(ErrorHandler.java:166)
	at org.openqa.selenium.remote.http.JsonHttpResponseCodec.reconstructValue(JsonHttpResponseCodec.java:40)
	at org.openqa.selenium.remote.http.AbstractHttpResponseCodec.decode(AbstractHttpResponseCodec.java:80)
	at org.openqa.selenium.remote.http.AbstractHttpResponseCodec.decode(AbstractHttpResponseCodec.java:44)
	at org.openqa.selenium.remote.HttpCommandExecutor.execute(HttpCommandExecutor.java:158)
	at org.openqa.selenium.remote.service.DriverCommandExecutor.execute(DriverCommandExecutor.java:83)
	at org.openqa.selenium.remote.RemoteWebDriver.execute(RemoteWebDriver.java:548)
	at org.openqa.selenium.remote.RemoteWebDriver.get(RemoteWebDriver.java:276)
	at main.java.bank.testcases.TestCaseObject.setUp(TestCaseObject.java:22)
	at main.java.bank.testcases.WithdrawalTestCase.init(WithdrawalTestCase.java:48)
... Removed 28 stack frames
</div> <!-- stack-trace -->
                </div> <!-- method-content -->
              </div> <!-- method -->
              <div class="method">
                <div class="method-content">
                  <a name="verifyWithdrawalOnLowBalance">
                  </a> <!-- verifyWithdrawalOnLowBalance -->
                  <span class="method-name">verifyWithdrawalOnLowBalance</span>
                  <div class="stack-trace">java.lang.Throwable: Method WithdrawalTestCase.verifyWithdrawalOnLowBalance()[pri:0, instance:main.java.bank.testcases.WithdrawalTestCase@2b552920] depends on not successfully finished methods
... Removed 18 stack frames
</div> <!-- stack-trace -->
                </div> <!-- method-content -->
              </div> <!-- method -->
            </div> <!-- main-panel-content rounded-window-bottom -->
          </div> <!-- suite-Suite-class-skipped -->
          <div class="suite-Suite-class-passed">
            <div class="main-panel-header rounded-window-top">
              <img src="passed.png"/>
              <span class="class-name">main.java.bank.testcases.user.FundTransferAndStatement</span>
            </div> <!-- main-panel-header rounded-window-top -->
            <div class="main-panel-content rounded-window-bottom">
              <div class="method">
                <div class="method-content">
                  <a name="verifyCustomizedStatement">
                  </a> <!-- verifyCustomizedStatement -->
                  <span class="method-name">verifyCustomizedStatement</span>
                </div> <!-- method-content -->
              </div> <!-- method -->
              <div class="method">
                <div class="method-content">
                  <a name="verifyFundTransfer">
                  </a> <!-- verifyFundTransfer -->
                  <span class="method-name">verifyFundTransfer</span>
                </div> <!-- method-content -->
              </div> <!-- method -->
              <div class="method">
                <div class="method-content">
                  <a name="verifyRefreshingFundDetails">
                  </a> <!-- verifyRefreshingFundDetails -->
                  <span class="method-name">verifyRefreshingFundDetails</span>
                </div> <!-- method-content -->
              </div> <!-- method -->
              <div class="method">
                <div class="method-content">
                  <a name="verifyTransferOnNotAuthorizationAcc">
                  </a> <!-- verifyTransferOnNotAuthorizationAcc -->
                  <span class="method-name">verifyTransferOnNotAuthorizationAcc</span>
                </div> <!-- method-content -->
              </div> <!-- method -->
              <div class="method">
                <div class="method-content">
                  <a name="verifyTransferToSameAcc">
                  </a> <!-- verifyTransferToSameAcc -->
                  <span class="method-name">verifyTransferToSameAcc</span>
                </div> <!-- method-content -->
              </div> <!-- method -->
              <div class="method">
                <div class="method-content">
                  <a name="verifyTransfertoNonExistAcc">
                  </a> <!-- verifyTransfertoNonExistAcc -->
                  <span class="method-name">verifyTransfertoNonExistAcc</span>
                </div> <!-- method-content -->
              </div> <!-- method -->
            </div> <!-- main-panel-content rounded-window-bottom -->
          </div> <!-- suite-Suite-class-passed -->
          <div class="suite-Suite-class-passed">
            <div class="main-panel-header rounded-window-top">
              <img src="passed.png"/>
              <span class="class-name">main.java.bank.testcases.FundTransferAndCutomizedStatement</span>
            </div> <!-- main-panel-header rounded-window-top -->
            <div class="main-panel-content rounded-window-bottom">
              <div class="method">
                <div class="method-content">
                  <a name="reloadedVerifyFundTransfer">
                  </a> <!-- reloadedVerifyFundTransfer -->
                  <span class="method-name">reloadedVerifyFundTransfer</span>
                </div> <!-- method-content -->
              </div> <!-- method -->
              <div class="method">
                <div class="method-content">
                  <a name="verifyFundTransfers">
                  </a> <!-- verifyFundTransfers -->
                  <span class="method-name">verifyFundTransfers</span>
                </div> <!-- method-content -->
              </div> <!-- method -->
              <div class="method">
                <div class="method-content">
                  <a name="verifyTransferDetails">
                  </a> <!-- verifyTransferDetails -->
                  <span class="method-name">verifyTransferDetails</span>
                </div> <!-- method-content -->
              </div> <!-- method -->
            </div> <!-- main-panel-content rounded-window-bottom -->
          </div> <!-- suite-Suite-class-passed -->
          <div class="suite-Suite-class-passed">
            <div class="main-panel-header rounded-window-top">
              <img src="passed.png"/>
              <span class="class-name">main.java.bank.testcases.EditCustomerTestCase</span>
            </div> <!-- main-panel-header rounded-window-top -->
            <div class="main-panel-content rounded-window-bottom">
              <div class="method">
                <div class="method-content">
                  <a name="verifyEditCustomer">
                  </a> <!-- verifyEditCustomer -->
                  <span class="method-name">verifyEditCustomer</span>
                </div> <!-- method-content -->
              </div> <!-- method -->
            </div> <!-- main-panel-content rounded-window-bottom -->
          </div> <!-- suite-Suite-class-passed -->
          <div class="suite-Suite-class-passed">
            <div class="main-panel-header rounded-window-top">
              <img src="passed.png"/>
              <span class="class-name">main.java.bank.testcases.user.balance.BalanceEnquiry</span>
            </div> <!-- main-panel-header rounded-window-top -->
            <div class="main-panel-content rounded-window-bottom">
              <div class="method">
                <div class="method-content">
                  <a name="balanceEnquiry">
                  </a> <!-- balanceEnquiry -->
                  <span class="method-name">balanceEnquiry</span>
                </div> <!-- method-content -->
              </div> <!-- method -->
            </div> <!-- main-panel-content rounded-window-bottom -->
          </div> <!-- suite-Suite-class-passed -->
        </div> <!-- panel Suite -->
        <div panel-name="test-xml-Suite" class="panel">
          <div class="main-panel-header rounded-window-top">
            <span class="header-content">C:\Users\X240\git\repository2\BankSelenium\testng.xml</span>
          </div> <!-- main-panel-header rounded-window-top -->
          <div class="main-panel-content rounded-window-bottom">
            <pre>
&lt;?xml version=&quot;1.0&quot; encoding=&quot;UTF-8&quot;?&gt;
&lt;!DOCTYPE suite SYSTEM &quot;http://testng.org/testng-1.0.dtd&quot;&gt;
&lt;suite guice-stage=&quot;DEVELOPMENT&quot; name=&quot;Suite&quot;&gt;
  &lt;test thread-count=&quot;5&quot; name=&quot;Test Balance Enquiry&quot;&gt;
    &lt;classes&gt;
      &lt;class name=&quot;main.java.bank.testcases.user.balance.BalanceEnquiry&quot;/&gt;
    &lt;/classes&gt;
  &lt;/test&gt; &lt;!-- Test Balance Enquiry --&gt;
  &lt;test thread-count=&quot;5&quot; name=&quot;Test Fund transfer and Statement&quot;&gt;
    &lt;classes&gt;
      &lt;class name=&quot;main.java.bank.testcases.user.FundTransferAndStatement&quot;/&gt;
    &lt;/classes&gt;
  &lt;/test&gt; &lt;!-- Test Fund transfer and Statement --&gt;
  &lt;test thread-count=&quot;5&quot; name=&quot;Test LogInAndChangePassword&quot;&gt;
    &lt;classes&gt;
      &lt;class name=&quot;main.java.bank.testcases.user.login.LogInAndChangePassword&quot;/&gt;
    &lt;/classes&gt;
  &lt;/test&gt; &lt;!-- Test LogInAndChangePassword --&gt;
  &lt;test thread-count=&quot;5&quot; name=&quot;Test Edit Customer&quot;&gt;
    &lt;classes&gt;
      &lt;class name=&quot;main.java.bank.testcases.EditCustomerTestCase&quot;/&gt;
    &lt;/classes&gt;
  &lt;/test&gt; &lt;!-- Test Edit Customer --&gt;
  &lt;test thread-count=&quot;5&quot; name=&quot;Test Fund Transfer and Customised Statement&quot;&gt;
    &lt;classes&gt;
      &lt;class name=&quot;main.java.bank.testcases.FundTransferAndCutomizedStatement&quot;/&gt;
    &lt;/classes&gt;
  &lt;/test&gt; &lt;!-- Test Fund Transfer and Customised Statement --&gt;
  &lt;test thread-count=&quot;5&quot; name=&quot;Test Deposit&quot;&gt;
    &lt;classes&gt;
      &lt;class name=&quot;main.java.bank.testcases.DepositTestCase&quot;/&gt;
    &lt;/classes&gt;
  &lt;/test&gt; &lt;!-- Test Deposit --&gt;
  &lt;test thread-count=&quot;5&quot; name=&quot;Test Edit Account&quot;&gt;
    &lt;classes&gt;
      &lt;class name=&quot;main.java.bank.testcases.EditAccount&quot;/&gt;
    &lt;/classes&gt;
  &lt;/test&gt; &lt;!-- Test Edit Account --&gt;
  &lt;test thread-count=&quot;5&quot; name=&quot;Test Customised Statement&quot;&gt;
    &lt;classes&gt;
      &lt;class name=&quot;main.java.bank.testcases.user.CustomisedStatement&quot;/&gt;
    &lt;/classes&gt;
  &lt;/test&gt; &lt;!-- Test Customised Statement --&gt;
  &lt;test thread-count=&quot;5&quot; name=&quot;Test Widrawal&quot;&gt;
    &lt;classes&gt;
      &lt;class name=&quot;main.java.bank.testcases.WithdrawalTestCase&quot;/&gt;
    &lt;/classes&gt;
  &lt;/test&gt; &lt;!-- Test Widrawal --&gt;
  &lt;test thread-count=&quot;5&quot; name=&quot;Test Mini Statement&quot;&gt;
    &lt;classes&gt;
      &lt;class name=&quot;main.java.bank.testcases.user.ministatement.MiniStatement&quot;/&gt;
    &lt;/classes&gt;
  &lt;/test&gt; &lt;!-- Test Mini Statement --&gt;
&lt;/suite&gt; &lt;!-- Suite --&gt;
            </pre>
          </div> <!-- main-panel-content rounded-window-bottom -->
        </div> <!-- panel -->
        <div panel-name="testlist-Suite" class="panel">
          <div class="main-panel-header rounded-window-top">
            <span class="header-content">Tests for Suite</span>
          </div> <!-- main-panel-header rounded-window-top -->
          <div class="main-panel-content rounded-window-bottom">
            <ul>
              <li>
                <span class="test-name">Test Balance Enquiry (1 class)</span>
              </li>
              <li>
                <span class="test-name">Test Fund transfer and Statement (1 class)</span>
              </li>
              <li>
                <span class="test-name">Test LogInAndChangePassword (1 class)</span>
              </li>
              <li>
                <span class="test-name">Test Edit Customer (1 class)</span>
              </li>
              <li>
                <span class="test-name">Test Fund Transfer and Customised Statement (1 class)</span>
              </li>
              <li>
                <span class="test-name">Test Deposit (1 class)</span>
              </li>
              <li>
                <span class="test-name">Test Edit Account (1 class)</span>
              </li>
              <li>
                <span class="test-name">Test Customised Statement (1 class)</span>
              </li>
              <li>
                <span class="test-name">Test Widrawal (1 class)</span>
              </li>
              <li>
                <span class="test-name">Test Mini Statement (1 class)</span>
              </li>
            </ul>
          </div> <!-- main-panel-content rounded-window-bottom -->
        </div> <!-- panel -->
        <div panel-name="group-Suite" class="panel">
          <div class="main-panel-header rounded-window-top">
            <span class="header-content">Groups for Suite</span>
          </div> <!-- main-panel-header rounded-window-top -->
          <div class="main-panel-content rounded-window-bottom">
          </div> <!-- main-panel-content rounded-window-bottom -->
        </div> <!-- panel -->
        <div panel-name="times-Suite" class="panel">
          <div class="main-panel-header rounded-window-top">
            <span class="header-content">Times for Suite</span>
          </div> <!-- main-panel-header rounded-window-top -->
          <div class="main-panel-content rounded-window-bottom">
            <div class="times-div">
              <script type="text/javascript">
suiteTableInitFunctions.push('tableData_Suite');
function tableData_Suite() {
var data = new google.visualization.DataTable();
data.addColumn('number', 'Number');
data.addColumn('string', 'Method');
data.addColumn('string', 'Class');
data.addColumn('number', 'Time (ms)');
data.addRows(34);
data.setCell(0, 0, 0)
data.setCell(0, 1, 'verifyTransferWrongAcc')
data.setCell(0, 2, 'main.java.bank.testcases.FundTransferAndCutomizedStatement')
data.setCell(0, 3, 60559);
data.setCell(1, 0, 1)
data.setCell(1, 1, 'reloadedVerifyFundTransfer')
data.setCell(1, 2, 'main.java.bank.testcases.FundTransferAndCutomizedStatement')
data.setCell(1, 3, 10506);
data.setCell(2, 0, 2)
data.setCell(2, 1, 'verifyDepositMade')
data.setCell(2, 2, 'main.java.bank.testcases.DepositTestCase')
data.setCell(2, 3, 10032);
data.setCell(3, 0, 3)
data.setCell(3, 1, 'balanceEnquiry')
data.setCell(3, 2, 'main.java.bank.testcases.user.balance.BalanceEnquiry')
data.setCell(3, 3, 9411);
data.setCell(4, 0, 4)
data.setCell(4, 1, 'verifyEditCustomer')
data.setCell(4, 2, 'main.java.bank.testcases.EditCustomerTestCase')
data.setCell(4, 3, 9110);
data.setCell(5, 0, 5)
data.setCell(5, 1, 'verifyTransferOnNotAuthorizationAcc')
data.setCell(5, 2, 'main.java.bank.testcases.user.FundTransferAndStatement')
data.setCell(5, 3, 8394);
data.setCell(6, 0, 6)
data.setCell(6, 1, 'verifyFundTransfer')
data.setCell(6, 2, 'main.java.bank.testcases.user.FundTransferAndStatement')
data.setCell(6, 3, 8378);
data.setCell(7, 0, 7)
data.setCell(7, 1, 'verifyTransfertoNonExistAcc')
data.setCell(7, 2, 'main.java.bank.testcases.user.FundTransferAndStatement')
data.setCell(7, 3, 7007);
data.setCell(8, 0, 8)
data.setCell(8, 1, 'verifyFundTransfers')
data.setCell(8, 2, 'main.java.bank.testcases.FundTransferAndCutomizedStatement')
data.setCell(8, 3, 6073);
data.setCell(9, 0, 9)
data.setCell(9, 1, 'verifyTransferDetails')
data.setCell(9, 2, 'main.java.bank.testcases.FundTransferAndCutomizedStatement')
data.setCell(9, 3, 6044);
data.setCell(10, 0, 10)
data.setCell(10, 1, 'verifyCustomizedStatement')
data.setCell(10, 2, 'main.java.bank.testcases.user.FundTransferAndStatement')
data.setCell(10, 3, 5774);
data.setCell(11, 0, 11)
data.setCell(11, 1, 'verifyTransferToSameAcc')
data.setCell(11, 2, 'main.java.bank.testcases.user.FundTransferAndStatement')
data.setCell(11, 3, 4997);
data.setCell(12, 0, 12)
data.setCell(12, 1, 'verifyRefreshingFundDetails')
data.setCell(12, 2, 'main.java.bank.testcases.user.FundTransferAndStatement')
data.setCell(12, 3, 2839);
data.setCell(13, 0, 13)
data.setCell(13, 1, 'incorrectOldPasswordOnChangePassword')
data.setCell(13, 2, 'main.java.bank.testcases.user.login.LogInAndChangePassword')
data.setCell(13, 3, 2670);
data.setCell(14, 0, 14)
data.setCell(14, 1, 'verifyOnWrongDateInput')
data.setCell(14, 2, 'main.java.bank.testcases.user.CustomisedStatement')
data.setCell(14, 3, 1);
data.setCell(15, 0, 15)
data.setCell(15, 1, 'verifyLogInChangedCredential')
data.setCell(15, 2, 'main.java.bank.testcases.user.login.LogInAndChangePassword')
data.setCell(15, 3, 0);
data.setCell(16, 0, 16)
data.setCell(16, 1, 'verifyAfterPasswordChanged')
data.setCell(16, 2, 'main.java.bank.testcases.user.login.LogInAndChangePassword')
data.setCell(16, 3, 0);
data.setCell(17, 0, 17)
data.setCell(17, 1, 'verifyTransferSameAcc')
data.setCell(17, 2, 'main.java.bank.testcases.FundTransferAndCutomizedStatement')
data.setCell(17, 3, 0);
data.setCell(18, 0, 18)
data.setCell(18, 1, 'verifyTransferFundHigh')
data.setCell(18, 2, 'main.java.bank.testcases.FundTransferAndCutomizedStatement')
data.setCell(18, 3, 0);
data.setCell(19, 0, 19)
data.setCell(19, 1, 'verifyDepositRedirect')
data.setCell(19, 2, 'main.java.bank.testcases.DepositTestCase')
data.setCell(19, 3, 0);
data.setCell(20, 0, 20)
data.setCell(20, 1, 'verifyEditAccount')
data.setCell(20, 2, 'main.java.bank.testcases.EditAccount')
data.setCell(20, 3, 0);
data.setCell(21, 0, 21)
data.setCell(21, 1, 'verifyUserCreated')
data.setCell(21, 2, 'main.java.bank.testcases.EditAccount')
data.setCell(21, 3, 0);
data.setCell(22, 0, 22)
data.setCell(22, 1, 'verifyLogOut')
data.setCell(22, 2, 'main.java.bank.testcases.EditAccount')
data.setCell(22, 3, 0);
data.setCell(23, 0, 23)
data.setCell(23, 1, 'verifyOnNotExistAccNo')
data.setCell(23, 2, 'main.java.bank.testcases.user.CustomisedStatement')
data.setCell(23, 3, 0);
data.setCell(24, 0, 24)
data.setCell(24, 1, 'verifyStatementOnWrongAcc')
data.setCell(24, 2, 'main.java.bank.testcases.user.CustomisedStatement')
data.setCell(24, 3, 0);
data.setCell(25, 0, 25)
data.setCell(25, 1, 'verifyBalaceEnquiry')
data.setCell(25, 2, 'main.java.bank.testcases.WithdrawalTestCase')
data.setCell(25, 3, 0);
data.setCell(26, 0, 26)
data.setCell(26, 1, 'verifyWithdrawal')
data.setCell(26, 2, 'main.java.bank.testcases.WithdrawalTestCase')
data.setCell(26, 3, 0);
data.setCell(27, 0, 27)
data.setCell(27, 1, 'verifyWithdrawalOnLowBalance')
data.setCell(27, 2, 'main.java.bank.testcases.WithdrawalTestCase')
data.setCell(27, 3, 0);
data.setCell(28, 0, 28)
data.setCell(28, 1, 'verifyCustomizedStatement')
data.setCell(28, 2, 'main.java.bank.testcases.WithdrawalTestCase')
data.setCell(28, 3, 0);
data.setCell(29, 0, 29)
data.setCell(29, 1, 'verifyMiniStatement')
data.setCell(29, 2, 'main.java.bank.testcases.WithdrawalTestCase')
data.setCell(29, 3, 0);
data.setCell(30, 0, 30)
data.setCell(30, 1, 'verifyCustomizedStatementWrongDate')
data.setCell(30, 2, 'main.java.bank.testcases.WithdrawalTestCase')
data.setCell(30, 3, 0);
data.setCell(31, 0, 31)
data.setCell(31, 1, 'verifyMiniStatement')
data.setCell(31, 2, 'main.java.bank.testcases.user.ministatement.MiniStatement')
data.setCell(31, 3, 0);
data.setCell(32, 0, 32)
data.setCell(32, 1, 'verifyWrongAcc')
data.setCell(32, 2, 'main.java.bank.testcases.user.ministatement.MiniStatement')
data.setCell(32, 3, 0);
data.setCell(33, 0, 33)
data.setCell(33, 1, 'verifyNonExistAcc')
data.setCell(33, 2, 'main.java.bank.testcases.user.ministatement.MiniStatement')
data.setCell(33, 3, 0);
window.suiteTableData['Suite']= { tableData: data, tableDiv: 'times-div-Suite'}
return data;
}
              </script>
              <span class="suite-total-time">Total running time: 2 minutes</span>
              <div id="times-div-Suite">
              </div> <!-- times-div-Suite -->
            </div> <!-- times-div -->
          </div> <!-- main-panel-content rounded-window-bottom -->
        </div> <!-- panel -->
        <div panel-name="reporter-Suite" class="panel">
          <div class="main-panel-header rounded-window-top">
            <span class="header-content">Reporter output for Suite</span>
          </div> <!-- main-panel-header rounded-window-top -->
          <div class="main-panel-content rounded-window-bottom">
          </div> <!-- main-panel-content rounded-window-bottom -->
        </div> <!-- panel -->
        <div panel-name="ignored-methods-Suite" class="panel">
          <div class="main-panel-header rounded-window-top">
            <span class="header-content">0 ignored methods</span>
          </div> <!-- main-panel-header rounded-window-top -->
          <div class="main-panel-content rounded-window-bottom">
          </div> <!-- main-panel-content rounded-window-bottom -->
        </div> <!-- panel -->
        <div panel-name="chronological-Suite" class="panel">
          <div class="main-panel-header rounded-window-top">
            <span class="header-content">Methods in chronological order</span>
          </div> <!-- main-panel-header rounded-window-top -->
          <div class="main-panel-content rounded-window-bottom">
            <div class="chronological-class">
              <div class="chronological-class-name">main.java.bank.testcases.EditAccount</div> <!-- chronological-class-name -->
              <div class="test-method">
                <span class="method-name">verifyEditAccount</span>
                <span class="method-start">0 ms</span>
              </div> <!-- test-method -->
            </div> <!-- chronological-class -->
            <div class="chronological-class">
              <div class="chronological-class-name">main.java.bank.testcases.user.CustomisedStatement</div> <!-- chronological-class-name -->
              <div class="test-method">
                <span class="method-name">verifyStatementOnWrongAcc</span>
                <span class="method-start">0 ms</span>
              </div> <!-- test-method -->
            </div> <!-- chronological-class -->
            <div class="chronological-class">
              <div class="chronological-class-name">main.java.bank.testcases.WithdrawalTestCase</div> <!-- chronological-class-name -->
              <div class="test-method">
                <span class="method-name">verifyWithdrawal</span>
                <span class="method-start">0 ms</span>
              </div> <!-- test-method -->
            </div> <!-- chronological-class -->
            <div class="chronological-class">
              <div class="chronological-class-name">main.java.bank.testcases.user.ministatement.MiniStatement</div> <!-- chronological-class-name -->
              <div class="test-method">
                <span class="method-name">verifyMiniStatement</span>
                <span class="method-start">0 ms</span>
              </div> <!-- test-method -->
            </div> <!-- chronological-class -->
            <div class="chronological-class">
              <div class="chronological-class-name">main.java.bank.testcases.user.balance.BalanceEnquiry</div> <!-- chronological-class-name -->
              <div class="configuration-test before">
                <span class="method-name">init</span>
                <span class="method-start">0 ms</span>
              </div> <!-- configuration-test before -->
              <div class="test-method">
                <span class="method-name">balanceEnquiry</span>
                <span class="method-start">7080 ms</span>
              </div> <!-- test-method -->
              <div class="configuration-test after">
                <span class="method-name">tearDown</span>
                <span class="method-start">16494 ms</span>
              </div> <!-- configuration-test after -->
            </div> <!-- chronological-class -->
            <div class="chronological-class">
              <div class="chronological-class-name">main.java.bank.testcases.user.FundTransferAndStatement</div> <!-- chronological-class-name -->
              <div class="configuration-test before">
                <span class="method-name">init</span>
                <span class="method-start">17311 ms</span>
              </div> <!-- configuration-test before -->
              <div class="test-method">
                <span class="method-name">verifyFundTransfer</span>
                <span class="method-start">23071 ms</span>
              </div> <!-- test-method -->
              <div class="test-method">
                <span class="method-name">verifyRefreshingFundDetails</span>
                <span class="method-start">31452 ms</span>
              </div> <!-- test-method -->
              <div class="test-method">
                <span class="method-name">verifyCustomizedStatement</span>
                <span class="method-start">34295 ms</span>
              </div> <!-- test-method -->
              <div class="test-method">
                <span class="method-name">verifyTransferOnNotAuthorizationAcc</span>
                <span class="method-start">40073 ms</span>
              </div> <!-- test-method -->
              <div class="test-method">
                <span class="method-name">verifyTransfertoNonExistAcc</span>
                <span class="method-start">48469 ms</span>
              </div> <!-- test-method -->
              <div class="test-method">
                <span class="method-name">verifyTransferToSameAcc</span>
                <span class="method-start">55481 ms</span>
              </div> <!-- test-method -->
              <div class="configuration-test after">
                <span class="method-name">tearDown</span>
                <span class="method-start">60479 ms</span>
              </div> <!-- configuration-test after -->
            </div> <!-- chronological-class -->
            <div class="chronological-class">
              <div class="chronological-class-name">main.java.bank.testcases.user.login.LogInAndChangePassword</div> <!-- chronological-class-name -->
              <div class="configuration-test before">
                <span class="method-name">init</span>
                <span class="method-start">61386 ms</span>
              </div> <!-- configuration-test before -->
              <div class="test-method">
                <img src="failed.png">
                </img>
                <span class="method-name">incorrectOldPasswordOnChangePassword</span>
                <span class="method-start">67106 ms</span>
              </div> <!-- test-method -->
              <div class="configuration-test after">
                <span class="method-name">tearDown</span>
                <span class="method-start">69782 ms</span>
              </div> <!-- configuration-test after -->
            </div> <!-- chronological-class -->
            <div class="chronological-class">
              <div class="chronological-class-name">main.java.bank.testcases.EditCustomerTestCase</div> <!-- chronological-class-name -->
              <div class="configuration-test before">
                <span class="method-name">init</span>
                <span class="method-start">70624 ms</span>
              </div> <!-- configuration-test before -->
              <div class="test-method">
                <span class="method-name">verifyEditCustomer</span>
                <span class="method-start">76695 ms</span>
              </div> <!-- test-method -->
              <div class="configuration-test after">
                <span class="method-name">tearDown</span>
                <span class="method-start">85806 ms</span>
              </div> <!-- configuration-test after -->
            </div> <!-- chronological-class -->
            <div class="chronological-class">
              <div class="chronological-class-name">main.java.bank.testcases.FundTransferAndCutomizedStatement</div> <!-- chronological-class-name -->
              <div class="configuration-test before">
                <span class="method-name">setUp</span>
                <span class="method-start">86617 ms</span>
              </div> <!-- configuration-test before -->
              <div class="test-method">
                <span class="method-name">verifyFundTransfers</span>
                <span class="method-start">93304 ms</span>
              </div> <!-- test-method -->
              <div class="test-method">
                <span class="method-name">reloadedVerifyFundTransfer</span>
                <span class="method-start">99378 ms</span>
              </div> <!-- test-method -->
              <div class="test-method">
                <span class="method-name">verifyTransferDetails</span>
                <span class="method-start">109886 ms</span>
              </div> <!-- test-method -->
              <div class="test-method">
                <img src="failed.png">
                </img>
                <span class="method-name">verifyTransferWrongAcc</span>
                <span class="method-start">115932 ms</span>
              </div> <!-- test-method -->
              <div class="configuration-test after">
                <span class="method-name">tearDown</span>
                <span class="method-start">176496 ms</span>
              </div> <!-- configuration-test after -->
            </div> <!-- chronological-class -->
            <div class="chronological-class">
              <div class="chronological-class-name">main.java.bank.testcases.DepositTestCase</div> <!-- chronological-class-name -->
              <div class="configuration-test before">
                <span class="method-name">init</span>
                <span class="method-start">177311 ms</span>
              </div> <!-- configuration-test before -->
              <div class="test-method">
                <img src="failed.png">
                </img>
                <span class="method-name">verifyDepositMade</span>
                <span class="method-start">202026 ms</span>
              </div> <!-- test-method -->
              <div class="configuration-test after">
                <span class="method-name">tearDown</span>
                <span class="method-start">212062 ms</span>
              </div> <!-- configuration-test after -->
            </div> <!-- chronological-class -->
            <div class="chronological-class">
              <div class="chronological-class-name">main.java.bank.testcases.EditAccount</div> <!-- chronological-class-name -->
              <div class="configuration-test before">
                <img src="failed.png">
                </img>
                <span class="method-name">init</span>
                <span class="method-start">212896 ms</span>
              </div> <!-- configuration-test before -->
            </div> <!-- chronological-class -->
            <div class="chronological-class">
              <div class="chronological-class-name">main.java.bank.testcases.user.CustomisedStatement</div> <!-- chronological-class-name -->
              <div class="configuration-test before">
                <img src="failed.png">
                </img>
                <span class="method-name">init</span>
                <span class="method-start">220254 ms</span>
              </div> <!-- configuration-test before -->
            </div> <!-- chronological-class -->
            <div class="chronological-class">
              <div class="chronological-class-name">main.java.bank.testcases.WithdrawalTestCase</div> <!-- chronological-class-name -->
              <div class="configuration-test before">
                <img src="failed.png">
                </img>
                <span class="method-name">init</span>
                <span class="method-start">223024 ms</span>
              </div> <!-- configuration-test before -->
            </div> <!-- chronological-class -->
            <div class="chronological-class">
              <div class="chronological-class-name">main.java.bank.testcases.user.ministatement.MiniStatement</div> <!-- chronological-class-name -->
              <div class="configuration-test before">
                <img src="failed.png">
                </img>
                <span class="method-name">init</span>
                <span class="method-start">225780 ms</span>
              </div> <!-- configuration-test before -->
          </div> <!-- main-panel-content rounded-window-bottom -->
        </div> <!-- panel -->
      </div> <!-- main-panel-root -->
    </div> <!-- wrapper -->
  </body>
</html>
